<?xml version="1.0" encoding="UTF-8"?>
<testng-results skipped="0" failed="1" ignored="0" total="1" passed="0">
  <reporter-output>
  </reporter-output>
  <suite name="IAS Automation Suite" duration-ms="21133" started-at="2018-06-29T09:47:36Z" finished-at="2018-06-29T09:47:57Z">
    <groups>
      <group name="regression">
        <method signature="LoginTest.testingLoginFunctionality()[pri:0, instance:com.ias.tests.LoginTest@4d216409]" name="testingLoginFunctionality" class="com.ias.tests.LoginTest"/>
      </group> <!-- regression -->
      <group name="smoke">
        <method signature="LoginTest.testingLoginFunctionality()[pri:0, instance:com.ias.tests.LoginTest@4d216409]" name="testingLoginFunctionality" class="com.ias.tests.LoginTest"/>
      </group> <!-- smoke -->
    </groups>
    <test name="chrome" duration-ms="21133" started-at="2018-06-29T09:47:36Z" finished-at="2018-06-29T09:47:57Z">
      <class name="com.ias.tests.LoginTest">
        <test-method status="FAIL" signature="testingLoginFunctionality()[pri:0, instance:com.ias.tests.LoginTest@4d216409]" name="testingLoginFunctionality" duration-ms="21007" started-at="2018-06-29T09:47:36Z" finished-at="2018-06-29T09:47:57Z">
          <exception class="java.lang.AssertionError">
            <message>
              <![CDATA[expected [https://portal-qa.iasonline.org/user-dashboard/] but found [https://portal-stage.iasonline.org/user-dashboard/]]]>
            </message>
            <full-stacktrace>
              <![CDATA[java.lang.AssertionError: expected [https://portal-qa.iasonline.org/user-dashboard/] but found [https://portal-stage.iasonline.org/user-dashboard/]
at org.testng.Assert.fail(Assert.java:96)
at org.testng.Assert.failNotEquals(Assert.java:776)
at org.testng.Assert.assertEqualsImpl(Assert.java:137)
at org.testng.Assert.assertEquals(Assert.java:118)
at org.testng.Assert.assertEquals(Assert.java:453)
at org.testng.Assert.assertEquals(Assert.java:463)
at com.ias.tests.LoginTest.testingLoginFunctionality(LoginTest.java:24)
at sun.reflect.NativeMethodAccessorImpl.invoke0(Native Method)
at sun.reflect.NativeMethodAccessorImpl.invoke(NativeMethodAccessorImpl.java:62)
at sun.reflect.DelegatingMethodAccessorImpl.invoke(DelegatingMethodAccessorImpl.java:43)
at java.lang.reflect.Method.invoke(Method.java:498)
at org.testng.internal.MethodInvocationHelper.invokeMethod(MethodInvocationHelper.java:124)
at org.testng.internal.Invoker.invokeMethod(Invoker.java:583)
at org.testng.internal.Invoker.invokeTestMethod(Invoker.java:719)
at org.testng.internal.Invoker.invokeTestMethods(Invoker.java:989)
at org.testng.internal.TestMethodWorker.invokeTestMethods(TestMethodWorker.java:125)
at org.testng.internal.TestMethodWorker.run(TestMethodWorker.java:109)
at org.testng.TestRunner.privateRun(TestRunner.java:648)
at org.testng.TestRunner.run(TestRunner.java:505)
at org.testng.SuiteRunner.runTest(SuiteRunner.java:455)
at org.testng.SuiteRunner.access$000(SuiteRunner.java:40)
at org.testng.SuiteRunner$SuiteWorker.run(SuiteRunner.java:489)
at org.testng.internal.thread.ThreadUtil$1.call(ThreadUtil.java:52)
at java.util.concurrent.FutureTask.run(FutureTask.java:266)
at java.util.concurrent.ThreadPoolExecutor.runWorker(ThreadPoolExecutor.java:1149)
at java.util.concurrent.ThreadPoolExecutor$Worker.run(ThreadPoolExecutor.java:624)
at java.lang.Thread.run(Thread.java:748)
]]>
            </full-stacktrace>
          </exception> <!-- java.lang.AssertionError -->
          <reporter-output>
          </reporter-output>
        </test-method> <!-- testingLoginFunctionality -->
      </class> <!-- com.ias.tests.LoginTest -->
    </test> <!-- chrome -->
  </suite> <!-- IAS Automation Suite -->
</testng-results>
