<?xml version="1.0" encoding="UTF-8"?>
<!-- Generated by org.testng.reporters.JUnitXMLReporter -->
<testsuite hostname="IB-Pune-LAP-085" ignored="0" name="chrome" tests="1" failures="1" timestamp="29 Jun 2018 09:47:57 GMT" time="21.133" errors="0">
  <testcase name="testingLoginFunctionality" time="21.007" classname="com.ias.tests.LoginTest">
    <failure type="java.lang.AssertionError" message="expected [https://portal-qa.iasonline.org/user-dashboard/] but found [https://portal-stage.iasonline.org/user-dashboard/]">
      <![CDATA[java.lang.AssertionError: expected [https://portal-qa.iasonline.org/user-dashboard/] but found [https://portal-stage.iasonline.org/user-dashboard/]
at com.ias.tests.LoginTest.testingLoginFunctionality(LoginTest.java:24)
at java.util.concurrent.FutureTask.run(FutureTask.java:266)
at java.util.concurrent.ThreadPoolExecutor.runWorker(ThreadPoolExecutor.java:1149)
at java.util.concurrent.ThreadPoolExecutor$Worker.run(ThreadPoolExecutor.java:624)
at java.lang.Thread.run(Thread.java:748)
... Removed 22 stack frames]]>
    </failure>
  </testcase> <!-- testingLoginFunctionality -->
</testsuite> <!-- chrome -->
